mode: atomic
github.com/kaankoken/binance-quick-go-api-gateway/pkg/helper/d_logger.go:18.24,20.2 1 1
github.com/kaankoken/binance-quick-go-api-gateway/pkg/helper/d_logger.go:25.46,26.16 1 2
github.com/kaankoken/binance-quick-go-api-gateway/pkg/helper/d_logger.go:32.2,32.12 1 1
github.com/kaankoken/binance-quick-go-api-gateway/pkg/helper/d_logger.go:26.16,30.3 2 1
github.com/kaankoken/binance-quick-go-api-gateway/pkg/helper/d_logger.go:35.68,36.16 1 3
github.com/kaankoken/binance-quick-go-api-gateway/pkg/helper/d_logger.go:43.2,43.12 1 1
github.com/kaankoken/binance-quick-go-api-gateway/pkg/helper/d_logger.go:36.16,41.3 3 2
github.com/kaankoken/binance-quick-go-api-gateway/pkg/helper/d_logger.go:46.47,50.2 2 1
github.com/kaankoken/binance-quick-go-api-gateway/pkg/helper/d_logger.go:52.69,57.2 3 2
github.com/kaankoken/binance-quick-go-api-gateway/pkg/helper/handler.go:32.47,40.2 5 0
github.com/kaankoken/binance-quick-go-api-gateway/pkg/helper/handler.go:42.45,43.28 1 0
github.com/kaankoken/binance-quick-go-api-gateway/pkg/helper/handler.go:47.2,49.12 2 0
github.com/kaankoken/binance-quick-go-api-gateway/pkg/helper/handler.go:43.28,45.3 1 0
github.com/kaankoken/binance-quick-go-api-gateway/pkg/helper/handler.go:52.67,53.28 1 0
github.com/kaankoken/binance-quick-go-api-gateway/pkg/helper/handler.go:57.2,59.12 2 0
github.com/kaankoken/binance-quick-go-api-gateway/pkg/helper/handler.go:53.28,55.3 1 0
github.com/kaankoken/binance-quick-go-api-gateway/pkg/helper/handler.go:62.46,63.28 1 0
github.com/kaankoken/binance-quick-go-api-gateway/pkg/helper/handler.go:67.2,69.31 2 0
github.com/kaankoken/binance-quick-go-api-gateway/pkg/helper/handler.go:63.28,65.3 1 0
github.com/kaankoken/binance-quick-go-api-gateway/pkg/helper/handler.go:72.68,73.28 1 0
github.com/kaankoken/binance-quick-go-api-gateway/pkg/helper/handler.go:77.2,79.31 2 0
github.com/kaankoken/binance-quick-go-api-gateway/pkg/helper/handler.go:73.28,75.3 1 0
github.com/kaankoken/binance-quick-go-api-gateway/pkg/helper/r_logger.go:19.56,21.3 1 0
github.com/kaankoken/binance-quick-go-api-gateway/pkg/helper/r_logger.go:30.36,46.2 10 1
github.com/kaankoken/binance-quick-go-api-gateway/pkg/helper/r_logger.go:48.57,50.2 1 0
github.com/kaankoken/binance-quick-go-api-gateway/pkg/helper/r_logger.go:52.46,53.16 1 2
github.com/kaankoken/binance-quick-go-api-gateway/pkg/helper/r_logger.go:59.2,59.12 1 1
github.com/kaankoken/binance-quick-go-api-gateway/pkg/helper/r_logger.go:53.16,57.3 2 1
github.com/kaankoken/binance-quick-go-api-gateway/pkg/helper/r_logger.go:62.68,63.16 1 3
github.com/kaankoken/binance-quick-go-api-gateway/pkg/helper/r_logger.go:70.2,70.12 1 1
github.com/kaankoken/binance-quick-go-api-gateway/pkg/helper/r_logger.go:63.16,68.3 3 2
github.com/kaankoken/binance-quick-go-api-gateway/pkg/helper/r_logger.go:73.47,77.2 2 1
github.com/kaankoken/binance-quick-go-api-gateway/pkg/helper/r_logger.go:79.69,84.2 3 2
github.com/kaankoken/binance-quick-go-api-gateway/pkg/helper/r_logger.go:86.50,87.27 1 0
github.com/kaankoken/binance-quick-go-api-gateway/pkg/helper/r_logger.go:88.33,92.4 1 0
github.com/kaankoken/binance-quick-go-api-gateway/pkg/helper/r_logger.go:93.32,94.19 1 0
github.com/kaankoken/binance-quick-go-api-gateway/pkg/helper/r_logger.go:107.32,111.4 1 0
github.com/kaankoken/binance-quick-go-api-gateway/pkg/helper/r_logger.go:112.31,113.19 1 0
github.com/kaankoken/binance-quick-go-api-gateway/pkg/helper/r_logger.go:126.25,127.81 1 0
github.com/kaankoken/binance-quick-go-api-gateway/pkg/helper/r_logger.go:128.25,129.43 1 0
github.com/kaankoken/binance-quick-go-api-gateway/pkg/helper/r_logger.go:132.26,133.43 1 0
github.com/kaankoken/binance-quick-go-api-gateway/pkg/helper/r_logger.go:139.25,140.48 1 0
github.com/kaankoken/binance-quick-go-api-gateway/pkg/helper/r_logger.go:141.24,142.19 1 0
github.com/kaankoken/binance-quick-go-api-gateway/pkg/helper/r_logger.go:145.34,146.19 1 0
github.com/kaankoken/binance-quick-go-api-gateway/pkg/helper/r_logger.go:94.19,100.4 1 0
github.com/kaankoken/binance-quick-go-api-gateway/pkg/helper/r_logger.go:100.9,106.4 1 0
github.com/kaankoken/binance-quick-go-api-gateway/pkg/helper/r_logger.go:113.19,119.4 1 0
github.com/kaankoken/binance-quick-go-api-gateway/pkg/helper/r_logger.go:119.9,125.4 1 0
github.com/kaankoken/binance-quick-go-api-gateway/pkg/helper/r_logger.go:129.43,131.4 1 0
github.com/kaankoken/binance-quick-go-api-gateway/pkg/helper/r_logger.go:133.43,138.4 1 0
github.com/kaankoken/binance-quick-go-api-gateway/pkg/helper/r_logger.go:142.19,144.4 1 0
github.com/kaankoken/binance-quick-go-api-gateway/pkg/helper/r_logger.go:146.19,148.4 1 0
