mode: atomic
github.com/kaankoken/binance-quick-go-api-gateway/config/config.go:19.42,30.16 8 5
github.com/kaankoken/binance-quick-go-api-gateway/config/config.go:36.2,38.15 2 3
github.com/kaankoken/binance-quick-go-api-gateway/config/config.go:30.16,32.3 1 2
github.com/kaankoken/binance-quick-go-api-gateway/pkg/handler.go:17.64,18.99 1 3
github.com/kaankoken/binance-quick-go-api-gateway/pkg/handler.go:22.2,24.42 2 2
github.com/kaankoken/binance-quick-go-api-gateway/pkg/handler.go:18.99,20.3 1 1
github.com/kaankoken/binance-quick-go-api-gateway/pkg/helper/d_logger.go:22.33,26.2 2 2
github.com/kaankoken/binance-quick-go-api-gateway/pkg/helper/d_logger.go:28.46,29.16 1 4
github.com/kaankoken/binance-quick-go-api-gateway/pkg/helper/d_logger.go:35.2,35.12 1 2
github.com/kaankoken/binance-quick-go-api-gateway/pkg/helper/d_logger.go:29.16,33.3 2 2
github.com/kaankoken/binance-quick-go-api-gateway/pkg/helper/d_logger.go:38.68,39.16 1 6
github.com/kaankoken/binance-quick-go-api-gateway/pkg/helper/d_logger.go:46.2,46.12 1 2
github.com/kaankoken/binance-quick-go-api-gateway/pkg/helper/d_logger.go:39.16,44.3 3 4
github.com/kaankoken/binance-quick-go-api-gateway/pkg/helper/d_logger.go:49.47,53.2 2 2
github.com/kaankoken/binance-quick-go-api-gateway/pkg/helper/d_logger.go:55.69,60.2 3 4
github.com/kaankoken/binance-quick-go-api-gateway/pkg/helper/handler.go:30.71,37.2 4 2
github.com/kaankoken/binance-quick-go-api-gateway/pkg/helper/handler.go:39.44,40.28 1 4
github.com/kaankoken/binance-quick-go-api-gateway/pkg/helper/handler.go:44.2,44.32 1 2
github.com/kaankoken/binance-quick-go-api-gateway/pkg/helper/handler.go:40.28,42.3 1 2
github.com/kaankoken/binance-quick-go-api-gateway/pkg/helper/handler.go:47.66,48.28 1 6
github.com/kaankoken/binance-quick-go-api-gateway/pkg/helper/handler.go:52.2,52.47 1 3
github.com/kaankoken/binance-quick-go-api-gateway/pkg/helper/handler.go:48.28,50.3 1 3
github.com/kaankoken/binance-quick-go-api-gateway/pkg/helper/handler.go:55.45,56.28 1 2
github.com/kaankoken/binance-quick-go-api-gateway/pkg/helper/handler.go:60.2,60.31 1 1
github.com/kaankoken/binance-quick-go-api-gateway/pkg/helper/handler.go:56.28,58.3 1 1
github.com/kaankoken/binance-quick-go-api-gateway/pkg/helper/handler.go:63.67,64.28 1 4
github.com/kaankoken/binance-quick-go-api-gateway/pkg/helper/handler.go:68.2,68.46 1 2
github.com/kaankoken/binance-quick-go-api-gateway/pkg/helper/handler.go:64.28,66.3 1 2
github.com/kaankoken/binance-quick-go-api-gateway/pkg/helper/r_logger.go:19.56,21.3 1 2
github.com/kaankoken/binance-quick-go-api-gateway/pkg/helper/r_logger.go:24.37,38.2 9 3
github.com/kaankoken/binance-quick-go-api-gateway/pkg/helper/r_logger.go:40.55,42.2 1 2
github.com/kaankoken/binance-quick-go-api-gateway/pkg/helper/r_logger.go:44.46,45.16 1 4
github.com/kaankoken/binance-quick-go-api-gateway/pkg/helper/r_logger.go:51.2,51.12 1 2
github.com/kaankoken/binance-quick-go-api-gateway/pkg/helper/r_logger.go:45.16,49.3 2 2
github.com/kaankoken/binance-quick-go-api-gateway/pkg/helper/r_logger.go:54.68,55.16 1 6
github.com/kaankoken/binance-quick-go-api-gateway/pkg/helper/r_logger.go:62.2,62.12 1 2
github.com/kaankoken/binance-quick-go-api-gateway/pkg/helper/r_logger.go:55.16,60.3 3 4
github.com/kaankoken/binance-quick-go-api-gateway/pkg/helper/r_logger.go:65.47,69.2 2 2
github.com/kaankoken/binance-quick-go-api-gateway/pkg/helper/r_logger.go:71.70,76.2 3 4
github.com/kaankoken/binance-quick-go-api-gateway/pkg/helper/r_logger.go:78.48,79.27 1 22
github.com/kaankoken/binance-quick-go-api-gateway/pkg/helper/r_logger.go:80.33,84.4 1 0
github.com/kaankoken/binance-quick-go-api-gateway/pkg/helper/r_logger.go:85.32,86.19 1 0
github.com/kaankoken/binance-quick-go-api-gateway/pkg/helper/r_logger.go:99.32,103.4 1 0
github.com/kaankoken/binance-quick-go-api-gateway/pkg/helper/r_logger.go:104.31,105.19 1 0
github.com/kaankoken/binance-quick-go-api-gateway/pkg/helper/r_logger.go:118.25,119.81 1 0
github.com/kaankoken/binance-quick-go-api-gateway/pkg/helper/r_logger.go:120.25,121.43 1 10
github.com/kaankoken/binance-quick-go-api-gateway/pkg/helper/r_logger.go:124.26,125.43 1 0
github.com/kaankoken/binance-quick-go-api-gateway/pkg/helper/r_logger.go:131.25,132.48 1 3
github.com/kaankoken/binance-quick-go-api-gateway/pkg/helper/r_logger.go:133.24,134.19 1 2
github.com/kaankoken/binance-quick-go-api-gateway/pkg/helper/r_logger.go:137.34,138.19 1 2
github.com/kaankoken/binance-quick-go-api-gateway/pkg/helper/r_logger.go:86.19,92.4 1 0
github.com/kaankoken/binance-quick-go-api-gateway/pkg/helper/r_logger.go:92.9,98.4 1 0
github.com/kaankoken/binance-quick-go-api-gateway/pkg/helper/r_logger.go:105.19,111.4 1 0
github.com/kaankoken/binance-quick-go-api-gateway/pkg/helper/r_logger.go:111.9,117.4 1 0
github.com/kaankoken/binance-quick-go-api-gateway/pkg/helper/r_logger.go:121.43,123.4 1 10
github.com/kaankoken/binance-quick-go-api-gateway/pkg/helper/r_logger.go:125.43,130.4 1 0
github.com/kaankoken/binance-quick-go-api-gateway/pkg/helper/r_logger.go:134.19,136.4 1 2
github.com/kaankoken/binance-quick-go-api-gateway/pkg/helper/r_logger.go:138.19,140.4 1 2
github.com/kaankoken/binance-quick-go-api-gateway/pkg/telegram/client.go:19.91,24.2 1 2
github.com/kaankoken/binance-quick-go-api-gateway/pkg/telegram/client.go:26.94,31.2 3 4
github.com/kaankoken/binance-quick-go-api-gateway/pkg/telegram/routes.go:12.65,20.45 6 1
github.com/kaankoken/binance-quick-go-api-gateway/pkg/telegram/routes.go:20.45,22.3 1 0
github.com/kaankoken/binance-quick-go-api-gateway/pkg/telegram/routes.go:25.50,27.2 1 0
github.com/kaankoken/binance-quick-go-api-gateway/pkg/telegram/routes.go:29.49,31.2 1 0
github.com/kaankoken/binance-quick-go-api-gateway/pkg/telegram/routes.go:33.56,35.2 1 0
github.com/kaankoken/binance-quick-go-api-gateway/pkg/telegram/routes.go:37.51,39.2 1 0
